[INFO] Scanning for projects...
[INFO] 
[INFO] --------------------------< com.example:demo >--------------------------
[INFO] Building demo 0.0.1-SNAPSHOT
[INFO]   from pom.xml
[INFO] --------------------------------[ jar ]---------------------------------
[INFO] 
[INFO] --- clean:3.2.0:clean (default-clean) @ demo ---
[INFO] Deleting C:\Users\peter\Desktop\Proyect 0\demo\target
[INFO] 
[INFO] --- resources:3.3.1:resources (default-resources) @ demo ---
[INFO] Copying 1 resource from src\main\resources to target\classes
[INFO] Copying 3 resources from src\main\resources to target\classes
[INFO] 
[INFO] --- compiler:3.10.1:compile (default-compile) @ demo ---
[INFO] Changes detected - recompiling the module!
[INFO] Compiling 34 source files to C:\Users\peter\Desktop\Proyect 0\demo\target\classes
[INFO] 
[INFO] --- resources:3.3.1:testResources (default-testResources) @ demo ---
[INFO] skip non existing resourceDirectory C:\Users\peter\Desktop\Proyect 0\demo\src\test\resources
[INFO] 
[INFO] --- compiler:3.10.1:testCompile (default-testCompile) @ demo ---
[INFO] Changes detected - recompiling the module!
[INFO] Compiling 1 source file to C:\Users\peter\Desktop\Proyect 0\demo\target\test-classes
[INFO] 
[INFO] --- surefire:2.22.2:test (default-test) @ demo ---
[INFO] Tests are skipped.
[INFO] 
[INFO] --- jar:3.3.0:jar (default-jar) @ demo ---
[INFO] Building jar: C:\Users\peter\Desktop\Proyect 0\demo\target\demo-0.0.1-SNAPSHOT.jar
[INFO] 
[INFO] --- spring-boot:3.0.11:repackage (repackage) @ demo ---
[WARNING] Error injecting: org.springframework.boot.maven.RepackageMojo
java.lang.TypeNotPresentException: Type org.springframework.boot.maven.RepackageMojo not present
    at org.eclipse.sisu.space.URLClassSpace.loadClass (URLClassSpace.java:125)
    at org.eclipse.sisu.space.NamedClass.load (NamedClass.java:45)
    at org.eclipse.sisu.space.AbstractDeferredClass.get (AbstractDeferredClass.java:45)
    at com.google.inject.internal.ProviderInternalFactory.provision (ProviderInternalFactory.java:86)
    at com.google.inject.internal.InternalFactoryToInitializableAdapter.provision (InternalFactoryToInitializableAdapter.java:57)
    at com.google.inject.internal.ProviderInternalFactory$1.call (ProviderInternalFactory.java:67)
    at com.google.inject.internal.ProvisionListenerStackCallback$Provision.provision (ProvisionListenerStackCallback.java:109)
    at com.google.inject.internal.ProvisionListenerStackCallback$Provision.provision (ProvisionListenerStackCallback.java:124)
    at com.google.inject.internal.ProvisionListenerStackCallback.provision (ProvisionListenerStackCallback.java:66)
    at com.google.inject.internal.ProviderInternalFactory.circularGet (ProviderInternalFactory.java:62)
    at com.google.inject.internal.InternalFactoryToInitializableAdapter.get (InternalFactoryToInitializableAdapter.java:47)
    at com.google.inject.internal.InjectorImpl$1.get (InjectorImpl.java:1101)
    at org.eclipse.sisu.inject.Guice4$2.get (Guice4.java:184)
    at org.eclipse.sisu.inject.LazyBeanEntry.getValue (LazyBeanEntry.java:71)
    at org.eclipse.sisu.plexus.LazyPlexusBean.getValue (LazyPlexusBean.java:48)
    at org.codehaus.plexus.DefaultPlexusContainer.lookup (DefaultPlexusContainer.java:246)
    at org.codehaus.plexus.DefaultPlexusContainer.lookup (DefaultPlexusContainer.java:240)
    at org.apache.maven.plugin.internal.DefaultMavenPluginManager.getConfiguredMojo (DefaultMavenPluginManager.java:503)
    at org.apache.maven.plugin.DefaultBuildPluginManager.executeMojo (DefaultBuildPluginManager.java:114)
    at org.apache.maven.lifecycle.internal.MojoExecutor.doExecute2 (MojoExecutor.java:328)
    at org.apache.maven.lifecycle.internal.MojoExecutor.doExecute (MojoExecutor.java:316)
    at org.apache.maven.lifecycle.internal.MojoExecutor.execute (MojoExecutor.java:212)
    at org.apache.maven.lifecycle.internal.MojoExecutor.execute (MojoExecutor.java:174)
    at org.apache.maven.lifecycle.internal.MojoExecutor.access$000 (MojoExecutor.java:75)
    at org.apache.maven.lifecycle.internal.MojoExecutor$1.run (MojoExecutor.java:162)
    at org.apache.maven.plugin.DefaultMojosExecutionStrategy.execute (DefaultMojosExecutionStrategy.java:39)
    at org.apache.maven.lifecycle.internal.MojoExecutor.execute (MojoExecutor.java:159)
    at org.apache.maven.lifecycle.internal.LifecycleModuleBuilder.buildProject (LifecycleModuleBuilder.java:105)
    at org.apache.maven.lifecycle.internal.LifecycleModuleBuilder.buildProject (LifecycleModuleBuilder.java:73)
    at org.apache.maven.lifecycle.internal.builder.singlethreaded.SingleThreadedBuilder.build (SingleThreadedBuilder.java:53)
    at org.apache.maven.lifecycle.internal.LifecycleStarter.execute (LifecycleStarter.java:118)
    at org.apache.maven.DefaultMaven.doExecute (DefaultMaven.java:261)
    at org.apache.maven.DefaultMaven.doExecute (DefaultMaven.java:173)
    at org.apache.maven.DefaultMaven.execute (DefaultMaven.java:101)
    at org.apache.maven.cli.MavenCli.execute (MavenCli.java:919)
    at org.apache.maven.cli.MavenCli.doMain (MavenCli.java:285)
    at org.apache.maven.cli.MavenCli.main (MavenCli.java:207)
    at jdk.internal.reflect.NativeMethodAccessorImpl.invoke0 (Native Method)
    at jdk.internal.reflect.NativeMethodAccessorImpl.invoke (NativeMethodAccessorImpl.java:78)
    at jdk.internal.reflect.DelegatingMethodAccessorImpl.invoke (DelegatingMethodAccessorImpl.java:43)
    at java.lang.reflect.Method.invoke (Method.java:567)
    at org.codehaus.plexus.classworlds.launcher.Launcher.launchEnhanced (Launcher.java:255)
    at org.codehaus.plexus.classworlds.launcher.Launcher.launch (Launcher.java:201)
    at org.codehaus.plexus.classworlds.launcher.Launcher.mainWithExitCode (Launcher.java:361)
    at org.codehaus.plexus.classworlds.launcher.Launcher.main (Launcher.java:314)
Caused by: java.lang.UnsupportedClassVersionError: org/springframework/boot/maven/RepackageMojo has been compiled by a more recent version of the Java Runtime (class file version 61.0), this version of the Java Runtime only recognizes class file versions up to 60.0
    at java.lang.ClassLoader.defineClass1 (Native Method)
    at java.lang.ClassLoader.defineClass (ClassLoader.java:1010)
    at java.security.SecureClassLoader.defineClass (SecureClassLoader.java:150)
    at java.net.URLClassLoader.defineClass (URLClassLoader.java:512)
    at java.net.URLClassLoader$1.run (URLClassLoader.java:420)
    at java.net.URLClassLoader$1.run (URLClassLoader.java:414)
    at java.security.AccessController.doPrivileged (AccessController.java:691)
    at java.net.URLClassLoader.findClass (URLClassLoader.java:413)
    at org.codehaus.plexus.classworlds.realm.ClassRealm.findClassInternal (ClassRealm.java:256)
    at org.codehaus.plexus.classworlds.realm.ClassRealm.loadClassFromSelf (ClassRealm.java:351)
    at org.codehaus.plexus.classworlds.strategy.SelfFirstStrategy.loadClass (SelfFirstStrategy.java:36)
    at org.codehaus.plexus.classworlds.realm.ClassRealm.unsynchronizedLoadClass (ClassRealm.java:225)
    at org.codehaus.plexus.classworlds.realm.ClassRealm.loadClass (ClassRealm.java:210)
    at org.codehaus.plexus.classworlds.realm.ClassRealm.loadClass (ClassRealm.java:205)
    at org.eclipse.sisu.space.URLClassSpace.loadClass (URLClassSpace.java:123)
    at org.eclipse.sisu.space.NamedClass.load (NamedClass.java:45)
    at org.eclipse.sisu.space.AbstractDeferredClass.get (AbstractDeferredClass.java:45)
    at com.google.inject.internal.ProviderInternalFactory.provision (ProviderInternalFactory.java:86)
    at com.google.inject.internal.InternalFactoryToInitializableAdapter.provision (InternalFactoryToInitializableAdapter.java:57)
    at com.google.inject.internal.ProviderInternalFactory$1.call (ProviderInternalFactory.java:67)
    at com.google.inject.internal.ProvisionListenerStackCallback$Provision.provision (ProvisionListenerStackCallback.java:109)
    at com.google.inject.internal.ProvisionListenerStackCallback$Provision.provision (ProvisionListenerStackCallback.java:124)
    at com.google.inject.internal.ProvisionListenerStackCallback.provision (ProvisionListenerStackCallback.java:66)
    at com.google.inject.internal.ProviderInternalFactory.circularGet (ProviderInternalFactory.java:62)
    at com.google.inject.internal.InternalFactoryToInitializableAdapter.get (InternalFactoryToInitializableAdapter.java:47)
    at com.google.inject.internal.InjectorImpl$1.get (InjectorImpl.java:1101)
    at org.eclipse.sisu.inject.Guice4$2.get (Guice4.java:184)
    at org.eclipse.sisu.inject.LazyBeanEntry.getValue (LazyBeanEntry.java:71)
    at org.eclipse.sisu.plexus.LazyPlexusBean.getValue (LazyPlexusBean.java:48)
    at org.codehaus.plexus.DefaultPlexusContainer.lookup (DefaultPlexusContainer.java:246)
    at org.codehaus.plexus.DefaultPlexusContainer.lookup (DefaultPlexusContainer.java:240)
    at org.apache.maven.plugin.internal.DefaultMavenPluginManager.getConfiguredMojo (DefaultMavenPluginManager.java:503)
    at org.apache.maven.plugin.DefaultBuildPluginManager.executeMojo (DefaultBuildPluginManager.java:114)
    at org.apache.maven.lifecycle.internal.MojoExecutor.doExecute2 (MojoExecutor.java:328)
    at org.apache.maven.lifecycle.internal.MojoExecutor.doExecute (MojoExecutor.java:316)
    at org.apache.maven.lifecycle.internal.MojoExecutor.execute (MojoExecutor.java:212)
    at org.apache.maven.lifecycle.internal.MojoExecutor.execute (MojoExecutor.java:174)
    at org.apache.maven.lifecycle.internal.MojoExecutor.access$000 (MojoExecutor.java:75)
    at org.apache.maven.lifecycle.internal.MojoExecutor$1.run (MojoExecutor.java:162)
    at org.apache.maven.plugin.DefaultMojosExecutionStrategy.execute (DefaultMojosExecutionStrategy.java:39)
    at org.apache.maven.lifecycle.internal.MojoExecutor.execute (MojoExecutor.java:159)
    at org.apache.maven.lifecycle.internal.LifecycleModuleBuilder.buildProject (LifecycleModuleBuilder.java:105)
    at org.apache.maven.lifecycle.internal.LifecycleModuleBuilder.buildProject (LifecycleModuleBuilder.java:73)
    at org.apache.maven.lifecycle.internal.builder.singlethreaded.SingleThreadedBuilder.build (SingleThreadedBuilder.java:53)
    at org.apache.maven.lifecycle.internal.LifecycleStarter.execute (LifecycleStarter.java:118)
    at org.apache.maven.DefaultMaven.doExecute (DefaultMaven.java:261)
    at org.apache.maven.DefaultMaven.doExecute (DefaultMaven.java:173)
    at org.apache.maven.DefaultMaven.execute (DefaultMaven.java:101)
    at org.apache.maven.cli.MavenCli.execute (MavenCli.java:919)
    at org.apache.maven.cli.MavenCli.doMain (MavenCli.java:285)
    at org.apache.maven.cli.MavenCli.main (MavenCli.java:207)
    at jdk.internal.reflect.NativeMethodAccessorImpl.invoke0 (Native Method)
    at jdk.internal.reflect.NativeMethodAccessorImpl.invoke (NativeMethodAccessorImpl.java:78)
    at jdk.internal.reflect.DelegatingMethodAccessorImpl.invoke (DelegatingMethodAccessorImpl.java:43)
    at java.lang.reflect.Method.invoke (Method.java:567)
    at org.codehaus.plexus.classworlds.launcher.Launcher.launchEnhanced (Launcher.java:255)
    at org.codehaus.plexus.classworlds.launcher.Launcher.launch (Launcher.java:201)
    at org.codehaus.plexus.classworlds.launcher.Launcher.mainWithExitCode (Launcher.java:361)
    at org.codehaus.plexus.classworlds.launcher.Launcher.main (Launcher.java:314)
[INFO] ------------------------------------------------------------------------
[INFO] BUILD FAILURE
[INFO] ------------------------------------------------------------------------
[INFO] Total time:  9.444 s
[INFO] Finished at: 2026-04-08T21:12:05-03:00
[INFO] ------------------------------------------------------------------------
[ERROR] Failed to execute goal org.springframework.boot:spring-boot-maven-plugin:3.0.11:repackage (repackage) on project demo: Execution repackage of goal org.springframework.boot:spring-boot-maven-plugin:3.0.11:repackage failed: Unable to load the mojo 'repackage' in the plugin 'org.springframework.boot:spring-boot-maven-plugin:3.0.11' due to an API incompatibility: org.codehaus.plexus.component.repository.exception.ComponentLookupException: org/springframework/boot/maven/RepackageMojo has been compiled by a more recent version of the Java Runtime (class file version 61.0), this version of the Java Runtime only recognizes class file versions up to 60.0
[ERROR] -----------------------------------------------------
[ERROR] realm =    plugin>org.springframework.boot:spring-boot-maven-plugin:3.0.11
[ERROR] strategy = org.codehaus.plexus.classworlds.strategy.SelfFirstStrategy
[ERROR] urls[0] = file:/C:/Users/peter/.m2/repository/org/springframework/boot/spring-boot-maven-plugin/3.0.11/spring-boot-maven-plugin-3.0.11.jar
[ERROR] urls[1] = file:/C:/Users/peter/.m2/repository/org/springframework/spring-context/6.0.12/spring-context-6.0.12.jar
[ERROR] urls[2] = file:/C:/Users/peter/.m2/repository/org/springframework/spring-aop/6.0.12/spring-aop-6.0.12.jar
[ERROR] urls[3] = file:/C:/Users/peter/.m2/repository/org/springframework/spring-beans/6.0.12/spring-beans-6.0.12.jar
[ERROR] urls[4] = file:/C:/Users/peter/.m2/repository/org/springframework/spring-core/6.0.12/spring-core-6.0.12.jar
[ERROR] urls[5] = file:/C:/Users/peter/.m2/repository/org/springframework/spring-jcl/6.0.12/spring-jcl-6.0.12.jar
[ERROR] urls[6] = file:/C:/Users/peter/.m2/repository/org/springframework/spring-expression/6.0.12/spring-expression-6.0.12.jar
[ERROR] urls[7] = file:/C:/Users/peter/.m2/repository/org/springframework/boot/spring-boot-buildpack-platform/3.0.11/spring-boot-buildpack-platform-3.0.11.jar
[ERROR] urls[8] = file:/C:/Users/peter/.m2/repository/com/fasterxml/jackson/core/jackson-databind/2.14.3/jackson-databind-2.14.3.jar
[ERROR] urls[9] = file:/C:/Users/peter/.m2/repository/com/fasterxml/jackson/core/jackson-annotations/2.14.3/jackson-annotations-2.14.3.jar
[ERROR] urls[10] = file:/C:/Users/peter/.m2/repository/com/fasterxml/jackson/core/jackson-core/2.14.3/jackson-core-2.14.3.jar
[ERROR] urls[11] = file:/C:/Users/peter/.m2/repository/com/fasterxml/jackson/module/jackson-module-parameter-names/2.14.3/jackson-module-parameter-names-2.14.3.jar
[ERROR] urls[12] = file:/C:/Users/peter/.m2/repository/net/java/dev/jna/jna-platform/5.7.0/jna-platform-5.7.0.jar
[ERROR] urls[13] = file:/C:/Users/peter/.m2/repository/net/java/dev/jna/jna/5.7.0/jna-5.7.0.jar
[ERROR] urls[14] = file:/C:/Users/peter/.m2/repository/org/apache/commons/commons-compress/1.21/commons-compress-1.21.jar
[ERROR] urls[15] = file:/C:/Users/peter/.m2/repository/org/apache/httpcomponents/httpclient/4.5.14/httpclient-4.5.14.jar
[ERROR] urls[16] = file:/C:/Users/peter/.m2/repository/org/apache/httpcomponents/httpcore/4.4.16/httpcore-4.4.16.jar
[ERROR] urls[17] = file:/C:/Users/peter/.m2/repository/commons-codec/commons-codec/1.11/commons-codec-1.11.jar
[ERROR] urls[18] = file:/C:/Users/peter/.m2/repository/org/tomlj/tomlj/1.0.0/tomlj-1.0.0.jar
[ERROR] urls[19] = file:/C:/Users/peter/.m2/repository/org/antlr/antlr4-runtime/4.7.2/antlr4-runtime-4.7.2.jar
[ERROR] urls[20] = file:/C:/Users/peter/.m2/repository/com/google/code/findbugs/jsr305/3.0.2/jsr305-3.0.2.jar
[ERROR] urls[21] = file:/C:/Users/peter/.m2/repository/org/springframework/boot/spring-boot-loader-tools/3.0.11/spring-boot-loader-tools-3.0.11.jar
[ERROR] urls[22] = file:/C:/Users/peter/.m2/repository/org/sonatype/plexus/plexus-build-api/0.0.7/plexus-build-api-0.0.7.jar
[ERROR] urls[23] = file:/C:/Users/peter/.m2/repository/org/codehaus/plexus/plexus-utils/1.5.8/plexus-utils-1.5.8.jar
[ERROR] urls[24] = file:/C:/Users/peter/.m2/repository/org/apache/maven/plugins/maven-shade-plugin/3.2.4/maven-shade-plugin-3.2.4.jar
[ERROR] urls[25] = file:/C:/Users/peter/.m2/repository/org/sonatype/sisu/sisu-inject-bean/1.4.2/sisu-inject-bean-1.4.2.jar
[ERROR] urls[26] = file:/C:/Users/peter/.m2/repository/org/sonatype/sisu/sisu-guice/2.1.7/sisu-guice-2.1.7-noaop.jar
[ERROR] urls[27] = file:/C:/Users/peter/.m2/repository/org/sonatype/aether/aether-util/1.7/aether-util-1.7.jar
[ERROR] urls[28] = file:/C:/Users/peter/.m2/repository/org/codehaus/plexus/plexus-interpolation/1.14/plexus-interpolation-1.14.jar
[ERROR] urls[29] = file:/C:/Users/peter/.m2/repository/org/codehaus/plexus/plexus-component-annotations/1.5.5/plexus-component-annotations-1.5.5.jar
[ERROR] urls[30] = file:/C:/Users/peter/.m2/repository/org/sonatype/plexus/plexus-sec-dispatcher/1.3/plexus-sec-dispatcher-1.3.jar
[ERROR] urls[31] = file:/C:/Users/peter/.m2/repository/org/sonatype/plexus/plexus-cipher/1.4/plexus-cipher-1.4.jar
[ERROR] urls[32] = file:/C:/Users/peter/.m2/repository/org/apache/maven/shared/maven-artifact-transfer/0.12.0/maven-artifact-transfer-0.12.0.jar
[ERROR] urls[33] = file:/C:/Users/peter/.m2/repository/org/apache/maven/shared/maven-common-artifact-filters/3.0.1/maven-common-artifact-filters-3.0.1.jar
[ERROR] urls[34] = file:/C:/Users/peter/.m2/repository/org/apache/maven/shared/maven-shared-utils/3.1.0/maven-shared-utils-3.1.0.jar
[ERROR] urls[35] = file:/C:/Users/peter/.m2/repository/org/ow2/asm/asm/8.0/asm-8.0.jar
[ERROR] urls[36] = file:/C:/Users/peter/.m2/repository/org/ow2/asm/asm-commons/8.0/asm-commons-8.0.jar
[ERROR] urls[37] = file:/C:/Users/peter/.m2/repository/org/ow2/asm/asm-tree/8.0/asm-tree-8.0.jar
[ERROR] urls[38] = file:/C:/Users/peter/.m2/repository/org/ow2/asm/asm-analysis/8.0/asm-analysis-8.0.jar
[ERROR] urls[39] = file:/C:/Users/peter/.m2/repository/org/jdom/jdom2/2.0.6/jdom2-2.0.6.jar
[ERROR] urls[40] = file:/C:/Users/peter/.m2/repository/org/apache/maven/shared/maven-dependency-tree/3.0.1/maven-dependency-tree-3.0.1.jar
[ERROR] urls[41] = file:/C:/Users/peter/.m2/repository/commons-io/commons-io/2.6/commons-io-2.6.jar
[ERROR] urls[42] = file:/C:/Users/peter/.m2/repository/org/vafer/jdependency/2.4.0/jdependency-2.4.0.jar
[ERROR] urls[43] = file:/C:/Users/peter/.m2/repository/org/ow2/asm/asm-util/8.0/asm-util-8.0.jar
[ERROR] urls[44] = file:/C:/Users/peter/.m2/repository/com/google/guava/guava/28.2-android/guava-28.2-android.jar
[ERROR] urls[45] = file:/C:/Users/peter/.m2/repository/com/google/guava/failureaccess/1.0.1/failureaccess-1.0.1.jar
[ERROR] urls[46] = file:/C:/Users/peter/.m2/repository/com/google/guava/listenablefuture/9999.0-empty-to-avoid-conflict-with-guava/listenablefuture-9999.0-empty-to-avoid-conflict-with-guava.jar
[ERROR] urls[47] = file:/C:/Users/peter/.m2/repository/org/checkerframework/checker-compat-qual/2.5.5/checker-compat-qual-2.5.5.jar
[ERROR] urls[48] = file:/C:/Users/peter/.m2/repository/com/google/errorprone/error_prone_annotations/2.3.4/error_prone_annotations-2.3.4.jar
[ERROR] urls[49] = file:/C:/Users/peter/.m2/repository/com/google/j2objc/j2objc-annotations/1.3/j2objc-annotations-1.3.jar
[ERROR] urls[50] = file:/C:/Users/peter/.m2/repository/org/apache/commons/commons-lang3/3.7/commons-lang3-3.7.jar
[ERROR] Number of foreign imports: 1
[ERROR] import: Entry[import  from realm ClassRealm[maven.api, parent: null]]
[ERROR] 
[ERROR] -----------------------------------------------------
[ERROR] 
[ERROR] -> [Help 1]
[ERROR] 
[ERROR] To see the full stack trace of the errors, re-run Maven with the -e switch.
[ERROR] Re-run Maven using the -X switch to enable full debug logging.
[ERROR] 
[ERROR] For more information about the errors and possible solutions, please read the following articles:
[ERROR] [Help 1] http://cwiki.apache.org/confluence/display/MAVEN/PluginContainerException
